2021-04-27 23:01:35,500 [Worker-4: Loading available Gradle versions] INFO  o.e.b.c.i.u.g.PublishedGradleVersions - Gradle version information cache is not available. Remote download required.
2021-04-27 23:06:11,741 [Worker-10: Updating Maven Dependencies] INFO  o.e.m.c.i.l.LifecycleMappingFactory - Using org.eclipse.m2e.jdt.JarLifecycleMapping lifecycle mapping for MavenProject: com.example:hr_selekcija:0.0.1-SNAPSHOT @ /home/dell/eclipse-hr/hr_selekcija/pom.xml.
2021-04-27 23:06:12,387 [Worker-6: Building] INFO  o.e.m.c.i.l.LifecycleMappingFactory - Using org.eclipse.m2e.jdt.JarLifecycleMapping lifecycle mapping for MavenProject: com.example:hr_selekcija:0.0.1-SNAPSHOT @ /home/dell/eclipse-hr/hr_selekcija/pom.xml.
2021-04-27 23:06:15,749 [Worker-6: Building] INFO  o.e.m.c.i.embedder.EclipseLogger - Using 'UTF-8' encoding to copy filtered resources.
2021-04-27 23:06:15,749 [Worker-6: Building] INFO  o.e.m.c.i.embedder.EclipseLogger - Using 'UTF-8' encoding to copy filtered properties files.
2021-04-27 23:06:15,755 [Worker-6: Building] INFO  o.e.m.c.i.embedder.EclipseLogger - Copying 1 resource
2021-04-27 23:06:15,801 [Worker-6: Building] INFO  o.e.m.c.i.embedder.EclipseLogger - Copying 0 resource
2021-04-27 23:06:15,812 [Worker-6: Building] INFO  o.e.m.c.i.embedder.EclipseLogger - Using 'UTF-8' encoding to copy filtered resources.
2021-04-27 23:06:15,812 [Worker-6: Building] INFO  o.e.m.c.i.embedder.EclipseLogger - Using 'UTF-8' encoding to copy filtered properties files.
2021-04-27 23:06:15,812 [Worker-6: Building] INFO  o.e.m.c.i.embedder.EclipseLogger - skip non existing resourceDirectory /home/dell/eclipse-hr/hr_selekcija/src/test/resources
2021-04-27 23:06:19,298 [Worker-15: Updating Maven Dependencies] INFO  o.e.m.c.i.l.LifecycleMappingFactory - Using org.eclipse.m2e.jdt.JarLifecycleMapping lifecycle mapping for MavenProject: com.example:hr_selekcija:0.0.1-SNAPSHOT @ /home/dell/eclipse-hr/hr_selekcija/pom.xml.
2021-04-27 23:06:19,889 [Worker-7: Building] INFO  o.e.m.c.i.embedder.EclipseLogger - Using 'UTF-8' encoding to copy filtered resources.
2021-04-27 23:06:19,889 [Worker-7: Building] INFO  o.e.m.c.i.embedder.EclipseLogger - Using 'UTF-8' encoding to copy filtered properties files.
2021-04-27 23:06:19,898 [Worker-7: Building] INFO  o.e.m.c.i.embedder.EclipseLogger - Copying 1 resource
2021-04-27 23:06:19,941 [Worker-7: Building] INFO  o.e.m.c.i.embedder.EclipseLogger - Copying 0 resource
2021-04-27 23:06:19,946 [Worker-7: Building] INFO  o.e.m.c.i.embedder.EclipseLogger - Using 'UTF-8' encoding to copy filtered resources.
2021-04-27 23:06:19,947 [Worker-7: Building] INFO  o.e.m.c.i.embedder.EclipseLogger - Using 'UTF-8' encoding to copy filtered properties files.
2021-04-27 23:06:19,947 [Worker-7: Building] INFO  o.e.m.c.i.embedder.EclipseLogger - skip non existing resourceDirectory /home/dell/eclipse-hr/hr_selekcija/src/test/resources
2021-04-27 23:06:22,835 [Worker-9: Building] INFO  o.e.m.c.i.embedder.EclipseLogger - Using 'UTF-8' encoding to copy filtered resources.
2021-04-27 23:06:22,835 [Worker-9: Building] INFO  o.e.m.c.i.embedder.EclipseLogger - Using 'UTF-8' encoding to copy filtered properties files.
2021-04-27 23:06:22,836 [Worker-9: Building] INFO  o.e.m.c.i.embedder.EclipseLogger - Copying 1 resource
2021-04-27 23:06:22,862 [Worker-9: Building] INFO  o.e.m.c.i.embedder.EclipseLogger - Copying 0 resource
2021-04-27 23:06:22,868 [Worker-9: Building] INFO  o.e.m.c.i.embedder.EclipseLogger - Using 'UTF-8' encoding to copy filtered resources.
2021-04-27 23:06:22,869 [Worker-9: Building] INFO  o.e.m.c.i.embedder.EclipseLogger - Using 'UTF-8' encoding to copy filtered properties files.
2021-04-27 23:06:22,869 [Worker-9: Building] INFO  o.e.m.c.i.embedder.EclipseLogger - skip non existing resourceDirectory /home/dell/eclipse-hr/hr_selekcija/src/test/resources
2021-05-03 21:37:50,332 [Worker-2: Loading available Gradle versions] INFO  o.e.b.c.i.u.g.PublishedGradleVersions - Gradle version information cache is out-of-date. Trying to update.
2021-05-10 07:08:36,358 [Worker-1478: Launching Executing clean in _home_dell_eclipse-hr_hr_selekcija] INFO  o.e.m.i.launch.MavenLaunchDelegate - /home/dell/eclipse-hr/hr_selekcija
2021-05-10 07:08:36,365 [Worker-1478: Launching Executing clean in _home_dell_eclipse-hr_hr_selekcija] INFO  o.e.m.i.launch.MavenLaunchDelegate -  mvn -Ppom.xml -B clean
2021-05-10 07:08:43,555 [Worker-1477: Building] INFO  o.e.m.c.i.embedder.EclipseLogger - Using 'UTF-8' encoding to copy filtered resources.
2021-05-10 07:08:43,556 [Worker-1477: Building] INFO  o.e.m.c.i.embedder.EclipseLogger - Using 'UTF-8' encoding to copy filtered properties files.
2021-05-10 07:08:43,560 [Worker-1477: Building] INFO  o.e.m.c.i.embedder.EclipseLogger - Copying 1 resource
2021-05-10 07:08:43,584 [Worker-1477: Building] INFO  o.e.m.c.i.embedder.EclipseLogger - Copying 0 resource
2021-05-10 07:08:43,591 [Worker-1477: Building] INFO  o.e.m.c.i.embedder.EclipseLogger - Using 'UTF-8' encoding to copy filtered resources.
2021-05-10 07:08:43,591 [Worker-1477: Building] INFO  o.e.m.c.i.embedder.EclipseLogger - Using 'UTF-8' encoding to copy filtered properties files.
2021-05-10 07:08:43,591 [Worker-1477: Building] INFO  o.e.m.c.i.embedder.EclipseLogger - skip non existing resourceDirectory /home/dell/eclipse-hr/hr_selekcija/src/test/resources
2021-05-10 07:08:50,287 [Worker-1478: Launching Executing clean in _home_dell_eclipse-hr_hr_selekcija] INFO  o.e.m.i.launch.MavenLaunchDelegate - /home/dell/eclipse-hr/hr_selekcija
2021-05-10 07:08:50,287 [Worker-1478: Launching Executing clean in _home_dell_eclipse-hr_hr_selekcija] INFO  o.e.m.i.launch.MavenLaunchDelegate -  mvn -Ppom.xml -B clean
2021-05-10 07:08:53,300 [Worker-1474: Building] INFO  o.e.m.c.i.embedder.EclipseLogger - Using 'UTF-8' encoding to copy filtered resources.
2021-05-10 07:08:53,301 [Worker-1474: Building] INFO  o.e.m.c.i.embedder.EclipseLogger - Using 'UTF-8' encoding to copy filtered properties files.
2021-05-10 07:08:53,304 [Worker-1474: Building] INFO  o.e.m.c.i.embedder.EclipseLogger - Copying 1 resource
2021-05-10 07:08:53,308 [Worker-1474: Building] INFO  o.e.m.c.i.embedder.EclipseLogger - Copying 0 resource
2021-05-10 07:08:53,311 [Worker-1474: Building] INFO  o.e.m.c.i.embedder.EclipseLogger - Using 'UTF-8' encoding to copy filtered resources.
2021-05-10 07:08:53,312 [Worker-1474: Building] INFO  o.e.m.c.i.embedder.EclipseLogger - Using 'UTF-8' encoding to copy filtered properties files.
2021-05-10 07:08:53,312 [Worker-1474: Building] INFO  o.e.m.c.i.embedder.EclipseLogger - skip non existing resourceDirectory /home/dell/eclipse-hr/hr_selekcija/src/test/resources
2021-05-10 07:09:06,759 [Worker-1478: Launching Executing install in _home_dell_eclipse-hr_hr_selekcija] INFO  o.e.m.i.launch.MavenLaunchDelegate - /home/dell/eclipse-hr/hr_selekcija
2021-05-10 07:09:06,759 [Worker-1478: Launching Executing install in _home_dell_eclipse-hr_hr_selekcija] INFO  o.e.m.i.launch.MavenLaunchDelegate -  mvn -Ppom.xml -B install
2021-05-10 07:09:26,454 [Worker-1474: Building] INFO  o.e.m.c.i.embedder.EclipseLogger - Using 'UTF-8' encoding to copy filtered resources.
2021-05-10 07:09:26,454 [Worker-1474: Building] INFO  o.e.m.c.i.embedder.EclipseLogger - Using 'UTF-8' encoding to copy filtered properties files.
2021-05-10 07:09:26,464 [Worker-1474: Building] INFO  o.e.m.c.i.embedder.EclipseLogger - Copying 1 resource
2021-05-10 07:09:26,517 [Worker-1474: Building] INFO  o.e.m.c.i.embedder.EclipseLogger - Copying 0 resource
2021-05-10 07:09:26,524 [Worker-1474: Building] INFO  o.e.m.c.i.embedder.EclipseLogger - Using 'UTF-8' encoding to copy filtered resources.
2021-05-10 07:09:26,524 [Worker-1474: Building] INFO  o.e.m.c.i.embedder.EclipseLogger - Using 'UTF-8' encoding to copy filtered properties files.
2021-05-10 07:09:26,524 [Worker-1474: Building] INFO  o.e.m.c.i.embedder.EclipseLogger - skip non existing resourceDirectory /home/dell/eclipse-hr/hr_selekcija/src/test/resources
2021-05-31 11:15:30,739 [Worker-3: Loading available Gradle versions] INFO  o.e.b.c.i.u.g.PublishedGradleVersions - Gradle version information cache is out-of-date. Trying to update.
2021-05-31 11:16:36,119 [Worker-13: Launching Executing clean in _home_dell_eclipse-hr_hr_selekcija] INFO  o.e.m.i.launch.MavenLaunchDelegate - /home/dell/eclipse-hr/hr_selekcija
2021-05-31 11:16:36,120 [Worker-13: Launching Executing clean in _home_dell_eclipse-hr_hr_selekcija] INFO  o.e.m.i.launch.MavenLaunchDelegate -  mvn -Ppom.xml -B clean
2021-05-31 11:16:45,938 [Worker-10: Building] INFO  o.e.m.c.i.embedder.EclipseLogger - Using 'UTF-8' encoding to copy filtered resources.
2021-05-31 11:16:45,938 [Worker-10: Building] INFO  o.e.m.c.i.embedder.EclipseLogger - Using 'UTF-8' encoding to copy filtered properties files.
2021-05-31 11:16:45,949 [Worker-10: Building] INFO  o.e.m.c.i.embedder.EclipseLogger - Copying 1 resource
2021-05-31 11:16:46,003 [Worker-10: Building] INFO  o.e.m.c.i.embedder.EclipseLogger - Copying 0 resource
2021-05-31 11:16:46,022 [Worker-10: Building] INFO  o.e.m.c.i.embedder.EclipseLogger - Using 'UTF-8' encoding to copy filtered resources.
2021-05-31 11:16:46,022 [Worker-10: Building] INFO  o.e.m.c.i.embedder.EclipseLogger - Using 'UTF-8' encoding to copy filtered properties files.
2021-05-31 11:16:46,022 [Worker-10: Building] INFO  o.e.m.c.i.embedder.EclipseLogger - skip non existing resourceDirectory /home/dell/eclipse-hr/hr_selekcija/src/test/resources
2021-05-31 11:16:55,070 [Worker-8: Launching Executing install in _home_dell_eclipse-hr_hr_selekcija] INFO  o.e.m.i.launch.MavenLaunchDelegate - /home/dell/eclipse-hr/hr_selekcija
2021-05-31 11:16:55,071 [Worker-8: Launching Executing install in _home_dell_eclipse-hr_hr_selekcija] INFO  o.e.m.i.launch.MavenLaunchDelegate -  mvn -Ppom.xml -B install
2021-05-31 11:17:18,960 [Worker-10: Building] INFO  o.e.m.c.i.embedder.EclipseLogger - Using 'UTF-8' encoding to copy filtered resources.
2021-05-31 11:17:18,960 [Worker-10: Building] INFO  o.e.m.c.i.embedder.EclipseLogger - Using 'UTF-8' encoding to copy filtered properties files.
2021-05-31 11:17:18,964 [Worker-10: Building] INFO  o.e.m.c.i.embedder.EclipseLogger - Copying 1 resource
2021-05-31 11:17:18,982 [Worker-10: Building] INFO  o.e.m.c.i.embedder.EclipseLogger - Copying 0 resource
2021-05-31 11:17:18,999 [Worker-10: Building] INFO  o.e.m.c.i.embedder.EclipseLogger - Using 'UTF-8' encoding to copy filtered resources.
2021-05-31 11:17:19,000 [Worker-10: Building] INFO  o.e.m.c.i.embedder.EclipseLogger - Using 'UTF-8' encoding to copy filtered properties files.
2021-05-31 11:17:19,001 [Worker-10: Building] INFO  o.e.m.c.i.embedder.EclipseLogger - skip non existing resourceDirectory /home/dell/eclipse-hr/hr_selekcija/src/test/resources
